<?xml version="1.0" encoding="UTF-8"?>
<!-- Generated by org.testng.reporters.JUnitReportReporter -->
<testsuite skipped="0" hostname="LAPTOP-KQVUFNV0" name="com.mobile.tests.HomePageTest" tests="1" failures="0" timestamp="22 May 2020 12:33:23 GMT" time="31.044" errors="0">
  <testcase name="likeunlikevalidation" time="31.044" classname="com.mobile.tests.HomePageTest"/>
</testsuite> <!-- com.mobile.tests.HomePageTest -->
